Arguments: 
  /usr/local/bin/node /usr/local/Cellar/yarn/1.13.0/libexec/bin/yarn.js

PATH: 
  /Library/Frameworks/Python.framework/Versions/3.6/bin:/Library/Frameworks/Python.framework/Versions/3.7/bin:/usr/local/bin:/usr/bin:/bin:/usr/sbin:/sbin:/usr/local/texlive/2018/bin/x86_64-darwin/:/Applications/VMware Fusion.app/Contents/Public:/Library/TeX/texbin:/usr/local/go/bin:/Library/Frameworks/Mono.framework/Versions/Current/Commands:/Applications/Postgres.app/Contents/Versions/latest/bin:/Users/felix/flutter/bin

Yarn version: 
  1.13.0

Node version: 
  10.13.0

Platform: 
  darwin x64

Trace: 
  SyntaxError: /Users/felix/Documents/git/webgis/package.json: Unexpected token / in JSON at position 526
      at JSON.parse (<anonymous>)
      at /usr/local/Cellar/yarn/1.13.0/libexec/lib/cli.js:1625:59
      at Generator.next (<anonymous>)
      at step (/usr/local/Cellar/yarn/1.13.0/libexec/lib/cli.js:304:30)
      at /usr/local/Cellar/yarn/1.13.0/libexec/lib/cli.js:315:13

npm manifest: 
  {
    "name": "webgis",
    "version": "0.1",
    "description": "",
    "scripts": {
      "dev": "webpack-dev-server --port 1234 --mode development",
      "build": "webpack --mode production"
    },
    "license": "MIT",
    "dependencies": {
      "deck.gl": "^7.0.3",
      "react": "^16.8.6",
      "react-dom": "^16.8.6",
      "react-map-gl": "^4.1.2"
    },
    "devDependencies": {
      "@babel/core": "^7.0.0-0",
      "@babel/plugin-proposal-class-properties": "^7.4.0",
      "@babel/preset-env": "^7.3.4",
      "@babel/preset-react": "^7.0.0",
      // "babel-core": "^6.26.3",
      // "babel-loader": "^8.0.5",
      // "babel-preset-env": "^1.7.0",
      // "babel-preset-react": "^6.24.1",
      "css-loader": "^2.1.0",
      "html-webpack-plugin": "^3.2.0",
      "style-loader": "^0.23.1",
      "webpack": "^4.29.5",
      "webpack-cli": "^3.2.3",
      "webpack-dev-server": "^3.2.1"
    }
  }

yarn manifest: 
  No manifest

Lockfile: 
  No lockfile
